0 info it worked if it ends with ok
1 verbose cli [ '/Users/titashneogi/.nvm/versions/node/v7.3.0/bin/node',
1 verbose cli   '/Users/titashneogi/.nvm/versions/node/v7.3.0/bin/npm',
1 verbose cli   'install',
1 verbose cli   '--save',
1 verbose cli   'core' ]
2 info using npm@3.10.10
3 info using node@v7.3.0
4 silly loadCurrentTree Starting
5 silly install loadCurrentTree
6 silly install readLocalPackageData
7 silly fetchPackageMetaData core
8 silly fetchNamedPackageData core
9 silly mapToRegistry name core
10 silly mapToRegistry using default registry
11 silly mapToRegistry registry https://registry.npmjs.org/
12 silly mapToRegistry data Result {
12 silly mapToRegistry   raw: 'core',
12 silly mapToRegistry   scope: null,
12 silly mapToRegistry   escapedName: 'core',
12 silly mapToRegistry   name: 'core',
12 silly mapToRegistry   rawSpec: '',
12 silly mapToRegistry   spec: 'latest',
12 silly mapToRegistry   type: 'tag' }
13 silly mapToRegistry uri https://registry.npmjs.org/core
14 verbose request uri https://registry.npmjs.org/core
15 verbose request no auth needed
16 info attempt registry request try #1 at 12:09:53 PM
17 verbose request id 01abe9e358c1f131
18 verbose etag W/"58527e6b-8c668"
19 verbose lastModified Thu, 15 Dec 2016 11:28:43 GMT
20 http request GET https://registry.npmjs.org/core
21 http 304 https://registry.npmjs.org/core
22 verbose headers { date: 'Mon, 02 Jan 2017 06:39:54 GMT',
22 verbose headers   via: '1.1 varnish',
22 verbose headers   'cache-control': 'max-age=300',
22 verbose headers   etag: 'W/"58527e6b-8c668"',
22 verbose headers   age: '19',
22 verbose headers   connection: 'keep-alive',
22 verbose headers   'x-served-by': 'cache-ams4134-AMS',
22 verbose headers   'x-cache': 'HIT',
22 verbose headers   'x-cache-hits': '1',
22 verbose headers   'x-timer': 'S1483339194.417693,VS0,VE0',
22 verbose headers   vary: 'Accept-Encoding' }
23 silly get cb [ 304,
23 silly get   { date: 'Mon, 02 Jan 2017 06:39:54 GMT',
23 silly get     via: '1.1 varnish',
23 silly get     'cache-control': 'max-age=300',
23 silly get     etag: 'W/"58527e6b-8c668"',
23 silly get     age: '19',
23 silly get     connection: 'keep-alive',
23 silly get     'x-served-by': 'cache-ams4134-AMS',
23 silly get     'x-cache': 'HIT',
23 silly get     'x-cache-hits': '1',
23 silly get     'x-timer': 'S1483339194.417693,VS0,VE0',
23 silly get     vary: 'Accept-Encoding' } ]
24 verbose etag https://registry.npmjs.org/core from cache
25 verbose get saving core to /Users/titashneogi/.npm/registry.npmjs.org/core/.cache.json
26 verbose correctMkdir /Users/titashneogi/.npm correctMkdir not in flight; initializing
27 silly install normalizeTree
28 silly loadCurrentTree Finishing
29 silly loadIdealTree Starting
30 silly install loadIdealTree
31 silly cloneCurrentTree Starting
32 silly install cloneCurrentTreeToIdealTree
33 silly cloneCurrentTree Finishing
34 silly loadShrinkwrap Starting
35 silly install loadShrinkwrap
36 silly loadShrinkwrap Finishing
37 silly loadAllDepsIntoIdealTree Starting
38 silly install loadAllDepsIntoIdealTree
39 silly resolveWithNewModule core@0.7.219 checking installable status
40 silly cache add args [ 'core', null ]
41 verbose cache add spec core
42 silly cache add parsed spec Result {
42 silly cache add   raw: 'core',
42 silly cache add   scope: null,
42 silly cache add   escapedName: 'core',
42 silly cache add   name: 'core',
42 silly cache add   rawSpec: '',
42 silly cache add   spec: 'latest',
42 silly cache add   type: 'tag' }
43 silly addNamed core@latest
44 verbose addNamed "latest" is being treated as a dist-tag for core
45 info addNameTag [ 'core', 'latest' ]
46 silly mapToRegistry name core
47 silly mapToRegistry using default registry
48 silly mapToRegistry registry https://registry.npmjs.org/
49 silly mapToRegistry data Result {
49 silly mapToRegistry   raw: 'core',
49 silly mapToRegistry   scope: null,
49 silly mapToRegistry   escapedName: 'core',
49 silly mapToRegistry   name: 'core',
49 silly mapToRegistry   rawSpec: '',
49 silly mapToRegistry   spec: 'latest',
49 silly mapToRegistry   type: 'tag' }
50 silly mapToRegistry uri https://registry.npmjs.org/core
51 verbose addNameTag registry:https://registry.npmjs.org/core not in flight; fetching
52 verbose get https://registry.npmjs.org/core not expired, no request
53 silly addNameTag next cb for core with tag latest
54 silly addNamed core@0.7.219
55 verbose addNamed "0.7.219" is a plain semver version for core
56 silly cache afterAdd core@0.7.219
57 verbose afterAdd /Users/titashneogi/.npm/core/0.7.219/package/package.json not in flight; writing
58 verbose correctMkdir /Users/titashneogi/.npm correctMkdir not in flight; initializing
59 verbose afterAdd /Users/titashneogi/.npm/core/0.7.219/package/package.json written
60 silly fetchNamedPackageData libyaml
61 silly mapToRegistry name libyaml
62 silly mapToRegistry using default registry
63 silly mapToRegistry registry https://registry.npmjs.org/
64 silly mapToRegistry data Result {
64 silly mapToRegistry   raw: 'libyaml',
64 silly mapToRegistry   scope: null,
64 silly mapToRegistry   escapedName: 'libyaml',
64 silly mapToRegistry   name: 'libyaml',
64 silly mapToRegistry   rawSpec: '',
64 silly mapToRegistry   spec: 'latest',
64 silly mapToRegistry   type: 'tag' }
65 silly mapToRegistry uri https://registry.npmjs.org/libyaml
66 silly fetchNamedPackageData base64
67 silly mapToRegistry name base64
68 silly mapToRegistry using default registry
69 silly mapToRegistry registry https://registry.npmjs.org/
70 silly mapToRegistry data Result {
70 silly mapToRegistry   raw: 'base64',
70 silly mapToRegistry   scope: null,
70 silly mapToRegistry   escapedName: 'base64',
70 silly mapToRegistry   name: 'base64',
70 silly mapToRegistry   rawSpec: '',
70 silly mapToRegistry   spec: 'latest',
70 silly mapToRegistry   type: 'tag' }
71 silly mapToRegistry uri https://registry.npmjs.org/base64
72 silly fetchNamedPackageData iconv
73 silly mapToRegistry name iconv
74 silly mapToRegistry using default registry
75 silly mapToRegistry registry https://registry.npmjs.org/
76 silly mapToRegistry data Result {
76 silly mapToRegistry   raw: 'iconv',
76 silly mapToRegistry   scope: null,
76 silly mapToRegistry   escapedName: 'iconv',
76 silly mapToRegistry   name: 'iconv',
76 silly mapToRegistry   rawSpec: '',
76 silly mapToRegistry   spec: 'latest',
76 silly mapToRegistry   type: 'tag' }
77 silly mapToRegistry uri https://registry.npmjs.org/iconv
78 silly fetchNamedPackageData compress-buffer-crc32
79 silly mapToRegistry name compress-buffer-crc32
80 silly mapToRegistry using default registry
81 silly mapToRegistry registry https://registry.npmjs.org/
82 silly mapToRegistry data Result {
82 silly mapToRegistry   raw: 'compress-buffer-crc32',
82 silly mapToRegistry   scope: null,
82 silly mapToRegistry   escapedName: 'compress-buffer-crc32',
82 silly mapToRegistry   name: 'compress-buffer-crc32',
82 silly mapToRegistry   rawSpec: '',
82 silly mapToRegistry   spec: 'latest',
82 silly mapToRegistry   type: 'tag' }
83 silly mapToRegistry uri https://registry.npmjs.org/compress-buffer-crc32
84 silly fetchNamedPackageData mime
85 silly mapToRegistry name mime
86 silly mapToRegistry using default registry
87 silly mapToRegistry registry https://registry.npmjs.org/
88 silly mapToRegistry data Result {
88 silly mapToRegistry   raw: 'mime',
88 silly mapToRegistry   scope: null,
88 silly mapToRegistry   escapedName: 'mime',
88 silly mapToRegistry   name: 'mime',
88 silly mapToRegistry   rawSpec: '',
88 silly mapToRegistry   spec: 'latest',
88 silly mapToRegistry   type: 'tag' }
89 silly mapToRegistry uri https://registry.npmjs.org/mime
90 silly fetchNamedPackageData uriparser
91 silly mapToRegistry name uriparser
92 silly mapToRegistry using default registry
93 silly mapToRegistry registry https://registry.npmjs.org/
94 silly mapToRegistry data Result {
94 silly mapToRegistry   raw: 'uriparser',
94 silly mapToRegistry   scope: null,
94 silly mapToRegistry   escapedName: 'uriparser',
94 silly mapToRegistry   name: 'uriparser',
94 silly mapToRegistry   rawSpec: '',
94 silly mapToRegistry   spec: 'latest',
94 silly mapToRegistry   type: 'tag' }
95 silly mapToRegistry uri https://registry.npmjs.org/uriparser
96 silly fetchNamedPackageData stacktrace
97 silly mapToRegistry name stacktrace
98 silly mapToRegistry using default registry
99 silly mapToRegistry registry https://registry.npmjs.org/
100 silly mapToRegistry data Result {
100 silly mapToRegistry   raw: 'stacktrace',
100 silly mapToRegistry   scope: null,
100 silly mapToRegistry   escapedName: 'stacktrace',
100 silly mapToRegistry   name: 'stacktrace',
100 silly mapToRegistry   rawSpec: '',
100 silly mapToRegistry   spec: 'latest',
100 silly mapToRegistry   type: 'tag' }
101 silly mapToRegistry uri https://registry.npmjs.org/stacktrace
102 silly fetchNamedPackageData redis
103 silly mapToRegistry name redis
104 silly mapToRegistry using default registry
105 silly mapToRegistry registry https://registry.npmjs.org/
106 silly mapToRegistry data Result {
106 silly mapToRegistry   raw: 'redis',
106 silly mapToRegistry   scope: null,
106 silly mapToRegistry   escapedName: 'redis',
106 silly mapToRegistry   name: 'redis',
106 silly mapToRegistry   rawSpec: '',
106 silly mapToRegistry   spec: 'latest',
106 silly mapToRegistry   type: 'tag' }
107 silly mapToRegistry uri https://registry.npmjs.org/redis
108 silly fetchNamedPackageData hiredis
109 silly mapToRegistry name hiredis
110 silly mapToRegistry using default registry
111 silly mapToRegistry registry https://registry.npmjs.org/
112 silly mapToRegistry data Result {
112 silly mapToRegistry   raw: 'hiredis',
112 silly mapToRegistry   scope: null,
112 silly mapToRegistry   escapedName: 'hiredis',
112 silly mapToRegistry   name: 'hiredis',
112 silly mapToRegistry   rawSpec: '',
112 silly mapToRegistry   spec: 'latest',
112 silly mapToRegistry   type: 'tag' }
113 silly mapToRegistry uri https://registry.npmjs.org/hiredis
114 silly fetchNamedPackageData amqp-node4
115 silly mapToRegistry name amqp-node4
116 silly mapToRegistry using default registry
117 silly mapToRegistry registry https://registry.npmjs.org/
118 silly mapToRegistry data Result {
118 silly mapToRegistry   raw: 'amqp-node4',
118 silly mapToRegistry   scope: null,
118 silly mapToRegistry   escapedName: 'amqp-node4',
118 silly mapToRegistry   name: 'amqp-node4',
118 silly mapToRegistry   rawSpec: '',
118 silly mapToRegistry   spec: 'latest',
118 silly mapToRegistry   type: 'tag' }
119 silly mapToRegistry uri https://registry.npmjs.org/amqp-node4
120 silly fetchNamedPackageData node-uuid
121 silly mapToRegistry name node-uuid
122 silly mapToRegistry using default registry
123 silly mapToRegistry registry https://registry.npmjs.org/
124 silly mapToRegistry data Result {
124 silly mapToRegistry   raw: 'node-uuid',
124 silly mapToRegistry   scope: null,
124 silly mapToRegistry   escapedName: 'node-uuid',
124 silly mapToRegistry   name: 'node-uuid',
124 silly mapToRegistry   rawSpec: '',
124 silly mapToRegistry   spec: 'latest',
124 silly mapToRegistry   type: 'tag' }
125 silly mapToRegistry uri https://registry.npmjs.org/node-uuid
126 silly fetchNamedPackageData rewire
127 silly mapToRegistry name rewire
128 silly mapToRegistry using default registry
129 silly mapToRegistry registry https://registry.npmjs.org/
130 silly mapToRegistry data Result {
130 silly mapToRegistry   raw: 'rewire',
130 silly mapToRegistry   scope: null,
130 silly mapToRegistry   escapedName: 'rewire',
130 silly mapToRegistry   name: 'rewire',
130 silly mapToRegistry   rawSpec: '',
130 silly mapToRegistry   spec: 'latest',
130 silly mapToRegistry   type: 'tag' }
131 silly mapToRegistry uri https://registry.npmjs.org/rewire
132 silly fetchNamedPackageData xml2js
133 silly mapToRegistry name xml2js
134 silly mapToRegistry using default registry
135 silly mapToRegistry registry https://registry.npmjs.org/
136 silly mapToRegistry data Result {
136 silly mapToRegistry   raw: 'xml2js',
136 silly mapToRegistry   scope: null,
136 silly mapToRegistry   escapedName: 'xml2js',
136 silly mapToRegistry   name: 'xml2js',
136 silly mapToRegistry   rawSpec: '',
136 silly mapToRegistry   spec: 'latest',
136 silly mapToRegistry   type: 'tag' }
137 silly mapToRegistry uri https://registry.npmjs.org/xml2js
138 silly fetchOtherPackageData knox@git+http://stash.grupa.onet/scm/oacc/node04-knox.git#dl-0.8.6-node4
139 silly cache add args [ 'knox@git+http://stash.grupa.onet/scm/oacc/node04-knox.git#dl-0.8.6-node4',
139 silly cache add   null ]
140 verbose cache add spec knox@git+http://stash.grupa.onet/scm/oacc/node04-knox.git#dl-0.8.6-node4
141 silly cache add parsed spec Result {
141 silly cache add   raw: 'knox@git+http://stash.grupa.onet/scm/oacc/node04-knox.git#dl-0.8.6-node4',
141 silly cache add   scope: null,
141 silly cache add   escapedName: 'knox',
141 silly cache add   name: 'knox',
141 silly cache add   rawSpec: 'git+http://stash.grupa.onet/scm/oacc/node04-knox.git#dl-0.8.6-node4',
141 silly cache add   spec: 'http://stash.grupa.onet/scm/oacc/node04-knox.git#dl-0.8.6-node4',
141 silly cache add   type: 'git' }
142 verbose addRemoteGit caching git+http://stash.grupa.onet/scm/oacc/node04-knox.git#dl-0.8.6-node4
143 silly tryClone cloning git+http://stash.grupa.onet/scm/oacc/node04-knox.git#dl-0.8.6-node4 via git+http://stash.grupa.onet/scm/oacc/node04-knox.git#dl-0.8.6-node4
144 verbose tryClone git-http-stash-grupa-onet-scm-oacc-node04-knox-git-dl-0-8-6-node4-2a4e277a not in flight; caching
145 verbose correctMkdir /Users/titashneogi/.npm/_git-remotes correctMkdir not in flight; initializing
146 verbose request uri https://registry.npmjs.org/libyaml
147 verbose request no auth needed
148 info attempt registry request try #1 at 12:09:54 PM
149 verbose etag W/"540d5f46-338b"
150 verbose lastModified Mon, 08 Sep 2014 07:48:22 GMT
151 http request GET https://registry.npmjs.org/libyaml
152 verbose request uri https://registry.npmjs.org/base64
153 verbose request no auth needed
154 info attempt registry request try #1 at 12:09:54 PM
155 verbose etag W/"543c0a06-2c0f"
156 verbose lastModified Mon, 13 Oct 2014 17:21:10 GMT
157 http request GET https://registry.npmjs.org/base64
158 verbose request uri https://registry.npmjs.org/iconv
159 verbose request no auth needed
160 info attempt registry request try #1 at 12:09:54 PM
161 verbose etag W/"58147620-92fa"
162 verbose lastModified Sat, 29 Oct 2016 10:12:48 GMT
163 http request GET https://registry.npmjs.org/iconv
164 verbose request uri https://registry.npmjs.org/mime
165 verbose request no auth needed
166 info attempt registry request try #1 at 12:09:54 PM
167 verbose etag W/"58633706-50be"
168 verbose lastModified Wed, 28 Dec 2016 03:52:38 GMT
169 http request GET https://registry.npmjs.org/mime
170 verbose request uri https://registry.npmjs.org/compress-buffer-crc32
171 verbose request no auth needed
172 info attempt registry request try #1 at 12:09:54 PM
173 verbose etag W/"56c5c7bc-4364"
174 verbose lastModified Thu, 18 Feb 2016 13:31:40 GMT
175 http request GET https://registry.npmjs.org/compress-buffer-crc32
176 verbose request uri https://registry.npmjs.org/uriparser
177 verbose request no auth needed
178 info attempt registry request try #1 at 12:09:54 PM
179 verbose etag W/"570c9702-712f"
180 verbose lastModified Tue, 12 Apr 2016 06:34:42 GMT
181 http request GET https://registry.npmjs.org/uriparser
182 verbose request uri https://registry.npmjs.org/stacktrace
183 verbose request no auth needed
184 info attempt registry request try #1 at 12:09:54 PM
185 verbose etag W/"5643b6fd-dd9"
186 verbose lastModified Wed, 11 Nov 2015 21:45:33 GMT
187 http request GET https://registry.npmjs.org/stacktrace
188 verbose request uri https://registry.npmjs.org/redis
189 verbose request no auth needed
190 info attempt registry request try #1 at 12:09:54 PM
191 verbose etag W/"58668b38-251a5"
192 verbose lastModified Fri, 30 Dec 2016 16:28:40 GMT
193 http request GET https://registry.npmjs.org/redis
194 verbose request uri https://registry.npmjs.org/hiredis
195 verbose request no auth needed
196 info attempt registry request try #1 at 12:09:54 PM
197 verbose etag W/"5818d0cd-56e1"
198 verbose lastModified Tue, 01 Nov 2016 17:28:45 GMT
199 http request GET https://registry.npmjs.org/hiredis
200 verbose request uri https://registry.npmjs.org/node-uuid
201 verbose request no auth needed
202 info attempt registry request try #1 at 12:09:54 PM
203 verbose etag W/"5865dd12-622a"
204 verbose lastModified Fri, 30 Dec 2016 04:05:38 GMT
205 http request GET https://registry.npmjs.org/node-uuid
206 verbose request uri https://registry.npmjs.org/amqp-node4
207 verbose request no auth needed
208 info attempt registry request try #1 at 12:09:54 PM
209 verbose etag W/"559f11d7-7bd6"
210 verbose lastModified Fri, 10 Jul 2015 00:29:11 GMT
211 http request GET https://registry.npmjs.org/amqp-node4
212 verbose request uri https://registry.npmjs.org/rewire
213 verbose request no auth needed
214 info attempt registry request try #1 at 12:09:54 PM
215 verbose etag W/"5863b493-cbca"
216 verbose lastModified Wed, 28 Dec 2016 12:48:19 GMT
217 http request GET https://registry.npmjs.org/rewire
218 verbose request uri https://registry.npmjs.org/xml2js
219 verbose request no auth needed
220 info attempt registry request try #1 at 12:09:54 PM
221 verbose etag W/"5866f582-1e887"
222 verbose lastModified Sat, 31 Dec 2016 00:02:10 GMT
223 http request GET https://registry.npmjs.org/xml2js
224 info git [ 'clone',
224 info git   '--template=/Users/titashneogi/.npm/_git-remotes/_templates',
224 info git   '--mirror',
224 info git   'http://stash.grupa.onet/scm/oacc/node04-knox.git',
224 info git   '/Users/titashneogi/.npm/_git-remotes/git-http-stash-grupa-onet-scm-oacc-node04-knox-git-dl-0-8-6-node4-2a4e277a' ]
225 error git clone --template=/Users/titashneogi/.npm/_git-remotes/_templates --mirror http://stash.grupa.onet/scm/oacc/node04-knox.git /Users/titashneogi/.npm/_git-remotes/git-http-stash-grupa-onet-scm-oacc-node04-knox-git-dl-0-8-6-node4-2a4e277a: Cloning into bare repository '/Users/titashneogi/.npm/_git-remotes/git-http-stash-grupa-onet-scm-oacc-node04-knox-git-dl-0-8-6-node4-2a4e277a'...
225 error git clone --template=/Users/titashneogi/.npm/_git-remotes/_templates --mirror http://stash.grupa.onet/scm/oacc/node04-knox.git /Users/titashneogi/.npm/_git-remotes/git-http-stash-grupa-onet-scm-oacc-node04-knox-git-dl-0-8-6-node4-2a4e277a: fatal: unable to access 'http://stash.grupa.onet/scm/oacc/node04-knox.git/': Could not resolve host: stash.grupa.onet
226 silly fetchPackageMetaData Error: Command failed: git clone --template=/Users/titashneogi/.npm/_git-remotes/_templates --mirror http://stash.grupa.onet/scm/oacc/node04-knox.git /Users/titashneogi/.npm/_git-remotes/git-http-stash-grupa-onet-scm-oacc-node04-knox-git-dl-0-8-6-node4-2a4e277a
226 silly fetchPackageMetaData Cloning into bare repository '/Users/titashneogi/.npm/_git-remotes/git-http-stash-grupa-onet-scm-oacc-node04-knox-git-dl-0-8-6-node4-2a4e277a'...
226 silly fetchPackageMetaData fatal: unable to access 'http://stash.grupa.onet/scm/oacc/node04-knox.git/': Could not resolve host: stash.grupa.onet
226 silly fetchPackageMetaData
226 silly fetchPackageMetaData     at ChildProcess.exithandler (child_process.js:211:12)
226 silly fetchPackageMetaData     at emitTwo (events.js:106:13)
226 silly fetchPackageMetaData     at ChildProcess.emit (events.js:191:7)
226 silly fetchPackageMetaData     at maybeClose (internal/child_process.js:885:16)
226 silly fetchPackageMetaData     at Socket.<anonymous> (internal/child_process.js:334:11)
226 silly fetchPackageMetaData     at emitOne (events.js:96:13)
226 silly fetchPackageMetaData     at Socket.emit (events.js:188:7)
226 silly fetchPackageMetaData     at Pipe._handle.close [as _onclose] (net.js:501:12)
226 silly fetchPackageMetaData  error for knox@git+http://stash.grupa.onet/scm/oacc/node04-knox.git#dl-0.8.6-node4 { Error: Command failed: git clone --template=/Users/titashneogi/.npm/_git-remotes/_templates --mirror http://stash.grupa.onet/scm/oacc/node04-knox.git /Users/titashneogi/.npm/_git-remotes/git-http-stash-grupa-onet-scm-oacc-node04-knox-git-dl-0-8-6-node4-2a4e277a
226 silly fetchPackageMetaData Cloning into bare repository '/Users/titashneogi/.npm/_git-remotes/git-http-stash-grupa-onet-scm-oacc-node04-knox-git-dl-0-8-6-node4-2a4e277a'...
226 silly fetchPackageMetaData fatal: unable to access 'http://stash.grupa.onet/scm/oacc/node04-knox.git/': Could not resolve host: stash.grupa.onet
226 silly fetchPackageMetaData
226 silly fetchPackageMetaData     at ChildProcess.exithandler (child_process.js:211:12)
226 silly fetchPackageMetaData     at emitTwo (events.js:106:13)
226 silly fetchPackageMetaData     at ChildProcess.emit (events.js:191:7)
226 silly fetchPackageMetaData     at maybeClose (internal/child_process.js:885:16)
226 silly fetchPackageMetaData     at Socket.<anonymous> (internal/child_process.js:334:11)
226 silly fetchPackageMetaData     at emitOne (events.js:96:13)
226 silly fetchPackageMetaData     at Socket.emit (events.js:188:7)
226 silly fetchPackageMetaData     at Pipe._handle.close [as _onclose] (net.js:501:12)
226 silly fetchPackageMetaData   killed: false,
226 silly fetchPackageMetaData   code: 128,
226 silly fetchPackageMetaData   signal: null,
226 silly fetchPackageMetaData   cmd: 'git clone --template=/Users/titashneogi/.npm/_git-remotes/_templates --mirror http://stash.grupa.onet/scm/oacc/node04-knox.git /Users/titashneogi/.npm/_git-remotes/git-http-stash-grupa-onet-scm-oacc-node04-knox-git-dl-0-8-6-node4-2a4e277a' }
227 http 304 https://registry.npmjs.org/libyaml
228 verbose headers { date: 'Mon, 02 Jan 2017 06:39:54 GMT',
228 verbose headers   via: '1.1 varnish',
228 verbose headers   'cache-control': 'max-age=300',
228 verbose headers   etag: 'W/"540d5f46-338b"',
228 verbose headers   age: '18',
228 verbose headers   connection: 'keep-alive',
228 verbose headers   'x-served-by': 'cache-ams4134-AMS',
228 verbose headers   'x-cache': 'HIT',
228 verbose headers   'x-cache-hits': '1',
228 verbose headers   'x-timer': 'S1483339194.854936,VS0,VE0',
228 verbose headers   vary: 'Accept-Encoding' }
229 silly get cb [ 304,
229 silly get   { date: 'Mon, 02 Jan 2017 06:39:54 GMT',
229 silly get     via: '1.1 varnish',
229 silly get     'cache-control': 'max-age=300',
229 silly get     etag: 'W/"540d5f46-338b"',
229 silly get     age: '18',
229 silly get     connection: 'keep-alive',
229 silly get     'x-served-by': 'cache-ams4134-AMS',
229 silly get     'x-cache': 'HIT',
229 silly get     'x-cache-hits': '1',
229 silly get     'x-timer': 'S1483339194.854936,VS0,VE0',
229 silly get     vary: 'Accept-Encoding' } ]
230 verbose etag https://registry.npmjs.org/libyaml from cache
231 verbose get saving libyaml to /Users/titashneogi/.npm/registry.npmjs.org/libyaml/.cache.json
232 verbose correctMkdir /Users/titashneogi/.npm correctMkdir not in flight; initializing
233 silly resolveWithNewModule libyaml@0.0.2 checking installable status
234 silly cache add args [ 'libyaml@0.0.2', null ]
235 verbose cache add spec libyaml@0.0.2
236 silly cache add parsed spec Result {
236 silly cache add   raw: 'libyaml@0.0.2',
236 silly cache add   scope: null,
236 silly cache add   escapedName: 'libyaml',
236 silly cache add   name: 'libyaml',
236 silly cache add   rawSpec: '0.0.2',
236 silly cache add   spec: '0.0.2',
236 silly cache add   type: 'version' }
237 silly addNamed libyaml@0.0.2
238 verbose addNamed "0.0.2" is a plain semver version for libyaml
239 silly mapToRegistry name libyaml
240 silly mapToRegistry using default registry
241 silly mapToRegistry registry https://registry.npmjs.org/
242 silly mapToRegistry data Result {
242 silly mapToRegistry   raw: 'libyaml',
242 silly mapToRegistry   scope: null,
242 silly mapToRegistry   escapedName: 'libyaml',
242 silly mapToRegistry   name: 'libyaml',
242 silly mapToRegistry   rawSpec: '',
242 silly mapToRegistry   spec: 'latest',
242 silly mapToRegistry   type: 'tag' }
243 silly mapToRegistry uri https://registry.npmjs.org/libyaml
244 verbose addNameVersion registry:https://registry.npmjs.org/libyaml not in flight; fetching
245 verbose get https://registry.npmjs.org/libyaml not expired, no request
246 silly cache afterAdd libyaml@0.0.2
247 verbose afterAdd /Users/titashneogi/.npm/libyaml/0.0.2/package/package.json not in flight; writing
248 verbose correctMkdir /Users/titashneogi/.npm correctMkdir not in flight; initializing
249 verbose afterAdd /Users/titashneogi/.npm/libyaml/0.0.2/package/package.json written
250 http 304 https://registry.npmjs.org/base64
251 verbose headers { date: 'Mon, 02 Jan 2017 06:39:55 GMT',
251 verbose headers   via: '1.1 varnish',
251 verbose headers   'cache-control': 'max-age=300',
251 verbose headers   etag: 'W/"543c0a06-2c0f"',
251 verbose headers   age: '18',
251 verbose headers   connection: 'keep-alive',
251 verbose headers   'x-served-by': 'cache-ams4147-AMS',
251 verbose headers   'x-cache': 'HIT',
251 verbose headers   'x-cache-hits': '1',
251 verbose headers   'x-timer': 'S1483339195.151856,VS0,VE0',
251 verbose headers   vary: 'Accept-Encoding' }
252 silly get cb [ 304,
252 silly get   { date: 'Mon, 02 Jan 2017 06:39:55 GMT',
252 silly get     via: '1.1 varnish',
252 silly get     'cache-control': 'max-age=300',
252 silly get     etag: 'W/"543c0a06-2c0f"',
252 silly get     age: '18',
252 silly get     connection: 'keep-alive',
252 silly get     'x-served-by': 'cache-ams4147-AMS',
252 silly get     'x-cache': 'HIT',
252 silly get     'x-cache-hits': '1',
252 silly get     'x-timer': 'S1483339195.151856,VS0,VE0',
252 silly get     vary: 'Accept-Encoding' } ]
253 verbose etag https://registry.npmjs.org/base64 from cache
254 verbose get saving base64 to /Users/titashneogi/.npm/registry.npmjs.org/base64/.cache.json
255 verbose correctMkdir /Users/titashneogi/.npm correctMkdir not in flight; initializing
256 silly resolveWithNewModule base64@2.0.3 checking installable status
257 silly cache add args [ 'base64@2.0.3', null ]
258 verbose cache add spec base64@2.0.3
259 silly cache add parsed spec Result {
259 silly cache add   raw: 'base64@2.0.3',
259 silly cache add   scope: null,
259 silly cache add   escapedName: 'base64',
259 silly cache add   name: 'base64',
259 silly cache add   rawSpec: '2.0.3',
259 silly cache add   spec: '2.0.3',
259 silly cache add   type: 'version' }
260 silly addNamed base64@2.0.3
261 verbose addNamed "2.0.3" is a plain semver version for base64
262 silly mapToRegistry name base64
263 silly mapToRegistry using default registry
264 silly mapToRegistry registry https://registry.npmjs.org/
265 silly mapToRegistry data Result {
265 silly mapToRegistry   raw: 'base64',
265 silly mapToRegistry   scope: null,
265 silly mapToRegistry   escapedName: 'base64',
265 silly mapToRegistry   name: 'base64',
265 silly mapToRegistry   rawSpec: '',
265 silly mapToRegistry   spec: 'latest',
265 silly mapToRegistry   type: 'tag' }
266 silly mapToRegistry uri https://registry.npmjs.org/base64
267 verbose addNameVersion registry:https://registry.npmjs.org/base64 not in flight; fetching
268 verbose get https://registry.npmjs.org/base64 not expired, no request
269 silly cache afterAdd base64@2.0.3
270 verbose afterAdd /Users/titashneogi/.npm/base64/2.0.3/package/package.json not in flight; writing
271 verbose correctMkdir /Users/titashneogi/.npm correctMkdir not in flight; initializing
272 verbose afterAdd /Users/titashneogi/.npm/base64/2.0.3/package/package.json written
273 http 304 https://registry.npmjs.org/stacktrace
274 verbose headers { date: 'Mon, 02 Jan 2017 06:39:55 GMT',
274 verbose headers   via: '1.1 varnish',
274 verbose headers   'cache-control': 'max-age=300',
274 verbose headers   etag: 'W/"5643b6fd-dd9"',
274 verbose headers   age: '18',
274 verbose headers   connection: 'keep-alive',
274 verbose headers   'x-served-by': 'cache-ams4143-AMS',
274 verbose headers   'x-cache': 'HIT',
274 verbose headers   'x-cache-hits': '1',
274 verbose headers   'x-timer': 'S1483339195.159583,VS0,VE0',
274 verbose headers   vary: 'Accept-Encoding' }
275 silly get cb [ 304,
275 silly get   { date: 'Mon, 02 Jan 2017 06:39:55 GMT',
275 silly get     via: '1.1 varnish',
275 silly get     'cache-control': 'max-age=300',
275 silly get     etag: 'W/"5643b6fd-dd9"',
275 silly get     age: '18',
275 silly get     connection: 'keep-alive',
275 silly get     'x-served-by': 'cache-ams4143-AMS',
275 silly get     'x-cache': 'HIT',
275 silly get     'x-cache-hits': '1',
275 silly get     'x-timer': 'S1483339195.159583,VS0,VE0',
275 silly get     vary: 'Accept-Encoding' } ]
276 verbose etag https://registry.npmjs.org/stacktrace from cache
277 verbose get saving stacktrace to /Users/titashneogi/.npm/registry.npmjs.org/stacktrace/.cache.json
278 verbose correctMkdir /Users/titashneogi/.npm correctMkdir not in flight; initializing
279 silly resolveWithNewModule stacktrace@1.0.0 checking installable status
280 silly cache add args [ 'stacktrace@1.0.0', null ]
281 verbose cache add spec stacktrace@1.0.0
282 silly cache add parsed spec Result {
282 silly cache add   raw: 'stacktrace@1.0.0',
282 silly cache add   scope: null,
282 silly cache add   escapedName: 'stacktrace',
282 silly cache add   name: 'stacktrace',
282 silly cache add   rawSpec: '1.0.0',
282 silly cache add   spec: '1.0.0',
282 silly cache add   type: 'version' }
283 silly addNamed stacktrace@1.0.0
284 verbose addNamed "1.0.0" is a plain semver version for stacktrace
285 silly mapToRegistry name stacktrace
286 silly mapToRegistry using default registry
287 silly mapToRegistry registry https://registry.npmjs.org/
288 silly mapToRegistry data Result {
288 silly mapToRegistry   raw: 'stacktrace',
288 silly mapToRegistry   scope: null,
288 silly mapToRegistry   escapedName: 'stacktrace',
288 silly mapToRegistry   name: 'stacktrace',
288 silly mapToRegistry   rawSpec: '',
288 silly mapToRegistry   spec: 'latest',
288 silly mapToRegistry   type: 'tag' }
289 silly mapToRegistry uri https://registry.npmjs.org/stacktrace
290 verbose addNameVersion registry:https://registry.npmjs.org/stacktrace not in flight; fetching
291 verbose get https://registry.npmjs.org/stacktrace not expired, no request
292 silly cache afterAdd stacktrace@1.0.0
293 verbose afterAdd /Users/titashneogi/.npm/stacktrace/1.0.0/package/package.json not in flight; writing
294 verbose correctMkdir /Users/titashneogi/.npm correctMkdir not in flight; initializing
295 verbose afterAdd /Users/titashneogi/.npm/stacktrace/1.0.0/package/package.json written
296 http 304 https://registry.npmjs.org/hiredis
297 verbose headers { date: 'Mon, 02 Jan 2017 06:39:55 GMT',
297 verbose headers   via: '1.1 varnish',
297 verbose headers   'cache-control': 'max-age=300',
297 verbose headers   etag: 'W/"5818d0cd-56e1"',
297 verbose headers   age: '18',
297 verbose headers   connection: 'keep-alive',
297 verbose headers   'x-served-by': 'cache-ams4136-AMS',
297 verbose headers   'x-cache': 'HIT',
297 verbose headers   'x-cache-hits': '1',
297 verbose headers   'x-timer': 'S1483339195.172230,VS0,VE0',
297 verbose headers   vary: 'Accept-Encoding' }
298 silly get cb [ 304,
298 silly get   { date: 'Mon, 02 Jan 2017 06:39:55 GMT',
298 silly get     via: '1.1 varnish',
298 silly get     'cache-control': 'max-age=300',
298 silly get     etag: 'W/"5818d0cd-56e1"',
298 silly get     age: '18',
298 silly get     connection: 'keep-alive',
298 silly get     'x-served-by': 'cache-ams4136-AMS',
298 silly get     'x-cache': 'HIT',
298 silly get     'x-cache-hits': '1',
298 silly get     'x-timer': 'S1483339195.172230,VS0,VE0',
298 silly get     vary: 'Accept-Encoding' } ]
299 verbose etag https://registry.npmjs.org/hiredis from cache
300 verbose get saving hiredis to /Users/titashneogi/.npm/registry.npmjs.org/hiredis/.cache.json
301 verbose correctMkdir /Users/titashneogi/.npm correctMkdir not in flight; initializing
302 http 304 https://registry.npmjs.org/uriparser
303 verbose headers { date: 'Mon, 02 Jan 2017 06:39:55 GMT',
303 verbose headers   via: '1.1 varnish',
303 verbose headers   'cache-control': 'max-age=300',
303 verbose headers   etag: 'W/"570c9702-712f"',
303 verbose headers   age: '18',
303 verbose headers   connection: 'keep-alive',
303 verbose headers   'x-served-by': 'cache-ams4429-AMS',
303 verbose headers   'x-cache': 'HIT',
303 verbose headers   'x-cache-hits': '1',
303 verbose headers   'x-timer': 'S1483339195.171516,VS0,VE0',
303 verbose headers   vary: 'Accept-Encoding' }
304 silly get cb [ 304,
304 silly get   { date: 'Mon, 02 Jan 2017 06:39:55 GMT',
304 silly get     via: '1.1 varnish',
304 silly get     'cache-control': 'max-age=300',
304 silly get     etag: 'W/"570c9702-712f"',
304 silly get     age: '18',
304 silly get     connection: 'keep-alive',
304 silly get     'x-served-by': 'cache-ams4429-AMS',
304 silly get     'x-cache': 'HIT',
304 silly get     'x-cache-hits': '1',
304 silly get     'x-timer': 'S1483339195.171516,VS0,VE0',
304 silly get     vary: 'Accept-Encoding' } ]
305 verbose etag https://registry.npmjs.org/uriparser from cache
306 verbose get saving uriparser to /Users/titashneogi/.npm/registry.npmjs.org/uriparser/.cache.json
307 verbose correctMkdir /Users/titashneogi/.npm correctMkdir not in flight; initializing
308 http 304 https://registry.npmjs.org/node-uuid
309 verbose headers { date: 'Mon, 02 Jan 2017 06:39:55 GMT',
309 verbose headers   via: '1.1 varnish',
309 verbose headers   'cache-control': 'max-age=300',
309 verbose headers   etag: 'W/"5865dd12-622a"',
309 verbose headers   age: '171',
309 verbose headers   connection: 'keep-alive',
309 verbose headers   'x-served-by': 'cache-ams4146-AMS',
309 verbose headers   'x-cache': 'HIT',
309 verbose headers   'x-cache-hits': '2',
309 verbose headers   'x-timer': 'S1483339195.172931,VS0,VE0',
309 verbose headers   vary: 'Accept-Encoding' }
310 silly get cb [ 304,
310 silly get   { date: 'Mon, 02 Jan 2017 06:39:55 GMT',
310 silly get     via: '1.1 varnish',
310 silly get     'cache-control': 'max-age=300',
310 silly get     etag: 'W/"5865dd12-622a"',
310 silly get     age: '171',
310 silly get     connection: 'keep-alive',
310 silly get     'x-served-by': 'cache-ams4146-AMS',
310 silly get     'x-cache': 'HIT',
310 silly get     'x-cache-hits': '2',
310 silly get     'x-timer': 'S1483339195.172931,VS0,VE0',
310 silly get     vary: 'Accept-Encoding' } ]
311 verbose etag https://registry.npmjs.org/node-uuid from cache
312 verbose get saving node-uuid to /Users/titashneogi/.npm/registry.npmjs.org/node-uuid/.cache.json
313 verbose correctMkdir /Users/titashneogi/.npm correctMkdir not in flight; initializing
314 http 304 https://registry.npmjs.org/amqp-node4
315 verbose headers { date: 'Mon, 02 Jan 2017 06:39:55 GMT',
315 verbose headers   via: '1.1 varnish',
315 verbose headers   'cache-control': 'max-age=300',
315 verbose headers   etag: 'W/"559f11d7-7bd6"',
315 verbose headers   age: '18',
315 verbose headers   connection: 'keep-alive',
315 verbose headers   'x-served-by': 'cache-ams4431-AMS',
315 verbose headers   'x-cache': 'HIT',
315 verbose headers   'x-cache-hits': '1',
315 verbose headers   'x-timer': 'S1483339195.174173,VS0,VE0',
315 verbose headers   vary: 'Accept-Encoding' }
316 silly get cb [ 304,
316 silly get   { date: 'Mon, 02 Jan 2017 06:39:55 GMT',
316 silly get     via: '1.1 varnish',
316 silly get     'cache-control': 'max-age=300',
316 silly get     etag: 'W/"559f11d7-7bd6"',
316 silly get     age: '18',
316 silly get     connection: 'keep-alive',
316 silly get     'x-served-by': 'cache-ams4431-AMS',
316 silly get     'x-cache': 'HIT',
316 silly get     'x-cache-hits': '1',
316 silly get     'x-timer': 'S1483339195.174173,VS0,VE0',
316 silly get     vary: 'Accept-Encoding' } ]
317 verbose etag https://registry.npmjs.org/amqp-node4 from cache
318 verbose get saving amqp-node4 to /Users/titashneogi/.npm/registry.npmjs.org/amqp-node4/.cache.json
319 verbose correctMkdir /Users/titashneogi/.npm correctMkdir not in flight; initializing
320 http 304 https://registry.npmjs.org/mime
321 verbose headers { date: 'Mon, 02 Jan 2017 06:39:55 GMT',
321 verbose headers   via: '1.1 varnish',
321 verbose headers   'cache-control': 'max-age=300',
321 verbose headers   etag: 'W/"58633706-50be"',
321 verbose headers   age: '185',
321 verbose headers   connection: 'keep-alive',
321 verbose headers   'x-served-by': 'cache-ams4430-AMS',
321 verbose headers   'x-cache': 'HIT',
321 verbose headers   'x-cache-hits': '2',
321 verbose headers   'x-timer': 'S1483339195.174719,VS0,VE0',
321 verbose headers   vary: 'Accept-Encoding' }
322 silly get cb [ 304,
322 silly get   { date: 'Mon, 02 Jan 2017 06:39:55 GMT',
322 silly get     via: '1.1 varnish',
322 silly get     'cache-control': 'max-age=300',
322 silly get     etag: 'W/"58633706-50be"',
322 silly get     age: '185',
322 silly get     connection: 'keep-alive',
322 silly get     'x-served-by': 'cache-ams4430-AMS',
322 silly get     'x-cache': 'HIT',
322 silly get     'x-cache-hits': '2',
322 silly get     'x-timer': 'S1483339195.174719,VS0,VE0',
322 silly get     vary: 'Accept-Encoding' } ]
323 verbose etag https://registry.npmjs.org/mime from cache
324 verbose get saving mime to /Users/titashneogi/.npm/registry.npmjs.org/mime/.cache.json
325 verbose correctMkdir /Users/titashneogi/.npm correctMkdir not in flight; initializing
326 http 304 https://registry.npmjs.org/xml2js
327 verbose headers { date: 'Mon, 02 Jan 2017 06:39:55 GMT',
327 verbose headers   via: '1.1 varnish',
327 verbose headers   'cache-control': 'max-age=300',
327 verbose headers   etag: 'W/"5866f582-1e887"',
327 verbose headers   age: '14',
327 verbose headers   connection: 'keep-alive',
327 verbose headers   'x-served-by': 'cache-ams4442-AMS',
327 verbose headers   'x-cache': 'HIT',
327 verbose headers   'x-cache-hits': '1',
327 verbose headers   'x-timer': 'S1483339195.177219,VS0,VE0',
327 verbose headers   vary: 'Accept-Encoding' }
328 silly get cb [ 304,
328 silly get   { date: 'Mon, 02 Jan 2017 06:39:55 GMT',
328 silly get     via: '1.1 varnish',
328 silly get     'cache-control': 'max-age=300',
328 silly get     etag: 'W/"5866f582-1e887"',
328 silly get     age: '14',
328 silly get     connection: 'keep-alive',
328 silly get     'x-served-by': 'cache-ams4442-AMS',
328 silly get     'x-cache': 'HIT',
328 silly get     'x-cache-hits': '1',
328 silly get     'x-timer': 'S1483339195.177219,VS0,VE0',
328 silly get     vary: 'Accept-Encoding' } ]
329 verbose etag https://registry.npmjs.org/xml2js from cache
330 verbose get saving xml2js to /Users/titashneogi/.npm/registry.npmjs.org/xml2js/.cache.json
331 verbose correctMkdir /Users/titashneogi/.npm correctMkdir not in flight; initializing
332 http 304 https://registry.npmjs.org/compress-buffer-crc32
333 verbose headers { date: 'Mon, 02 Jan 2017 06:39:55 GMT',
333 verbose headers   via: '1.1 varnish',
333 verbose headers   'cache-control': 'max-age=300',
333 verbose headers   etag: 'W/"56c5c7bc-4364"',
333 verbose headers   age: '18',
333 verbose headers   connection: 'keep-alive',
333 verbose headers   'x-served-by': 'cache-ams4450-AMS',
333 verbose headers   'x-cache': 'HIT',
333 verbose headers   'x-cache-hits': '1',
333 verbose headers   'x-timer': 'S1483339195.173321,VS0,VE0',
333 verbose headers   vary: 'Accept-Encoding' }
334 silly get cb [ 304,
334 silly get   { date: 'Mon, 02 Jan 2017 06:39:55 GMT',
334 silly get     via: '1.1 varnish',
334 silly get     'cache-control': 'max-age=300',
334 silly get     etag: 'W/"56c5c7bc-4364"',
334 silly get     age: '18',
334 silly get     connection: 'keep-alive',
334 silly get     'x-served-by': 'cache-ams4450-AMS',
334 silly get     'x-cache': 'HIT',
334 silly get     'x-cache-hits': '1',
334 silly get     'x-timer': 'S1483339195.173321,VS0,VE0',
334 silly get     vary: 'Accept-Encoding' } ]
335 verbose etag https://registry.npmjs.org/compress-buffer-crc32 from cache
336 verbose get saving compress-buffer-crc32 to /Users/titashneogi/.npm/registry.npmjs.org/compress-buffer-crc32/.cache.json
337 verbose correctMkdir /Users/titashneogi/.npm correctMkdir not in flight; initializing
338 http 304 https://registry.npmjs.org/iconv
339 verbose headers { date: 'Mon, 02 Jan 2017 06:39:55 GMT',
339 verbose headers   via: '1.1 varnish',
339 verbose headers   'cache-control': 'max-age=300',
339 verbose headers   etag: 'W/"58147620-92fa"',
339 verbose headers   age: '18',
339 verbose headers   connection: 'keep-alive',
339 verbose headers   'x-served-by': 'cache-ams4441-AMS',
339 verbose headers   'x-cache': 'HIT',
339 verbose headers   'x-cache-hits': '1',
339 verbose headers   'x-timer': 'S1483339195.177426,VS0,VE0',
339 verbose headers   vary: 'Accept-Encoding' }
340 silly get cb [ 304,
340 silly get   { date: 'Mon, 02 Jan 2017 06:39:55 GMT',
340 silly get     via: '1.1 varnish',
340 silly get     'cache-control': 'max-age=300',
340 silly get     etag: 'W/"58147620-92fa"',
340 silly get     age: '18',
340 silly get     connection: 'keep-alive',
340 silly get     'x-served-by': 'cache-ams4441-AMS',
340 silly get     'x-cache': 'HIT',
340 silly get     'x-cache-hits': '1',
340 silly get     'x-timer': 'S1483339195.177426,VS0,VE0',
340 silly get     vary: 'Accept-Encoding' } ]
341 verbose etag https://registry.npmjs.org/iconv from cache
342 verbose get saving iconv to /Users/titashneogi/.npm/registry.npmjs.org/iconv/.cache.json
343 verbose correctMkdir /Users/titashneogi/.npm correctMkdir not in flight; initializing
344 http 304 https://registry.npmjs.org/redis
345 verbose headers { date: 'Mon, 02 Jan 2017 06:39:55 GMT',
345 verbose headers   via: '1.1 varnish',
345 verbose headers   'cache-control': 'max-age=300',
345 verbose headers   etag: 'W/"58668b38-251a5"',
345 verbose headers   age: '259',
345 verbose headers   connection: 'keep-alive',
345 verbose headers   'x-served-by': 'cache-ams4120-AMS',
345 verbose headers   'x-cache': 'HIT',
345 verbose headers   'x-cache-hits': '1',
345 verbose headers   'x-timer': 'S1483339195.177884,VS0,VE0',
345 verbose headers   vary: 'Accept-Encoding' }
346 silly get cb [ 304,
346 silly get   { date: 'Mon, 02 Jan 2017 06:39:55 GMT',
346 silly get     via: '1.1 varnish',
346 silly get     'cache-control': 'max-age=300',
346 silly get     etag: 'W/"58668b38-251a5"',
346 silly get     age: '259',
346 silly get     connection: 'keep-alive',
346 silly get     'x-served-by': 'cache-ams4120-AMS',
346 silly get     'x-cache': 'HIT',
346 silly get     'x-cache-hits': '1',
346 silly get     'x-timer': 'S1483339195.177884,VS0,VE0',
346 silly get     vary: 'Accept-Encoding' } ]
347 verbose etag https://registry.npmjs.org/redis from cache
348 verbose get saving redis to /Users/titashneogi/.npm/registry.npmjs.org/redis/.cache.json
349 verbose correctMkdir /Users/titashneogi/.npm correctMkdir not in flight; initializing
350 silly resolveWithNewModule hiredis@0.1.17 checking installable status
351 silly cache add args [ 'hiredis@~0.1.14', null ]
352 verbose cache add spec hiredis@~0.1.14
353 silly cache add parsed spec Result {
353 silly cache add   raw: 'hiredis@~0.1.14',
353 silly cache add   scope: null,
353 silly cache add   escapedName: 'hiredis',
353 silly cache add   name: 'hiredis',
353 silly cache add   rawSpec: '~0.1.14',
353 silly cache add   spec: '>=0.1.14 <0.2.0',
353 silly cache add   type: 'range' }
354 silly addNamed hiredis@>=0.1.14 <0.2.0
355 verbose addNamed ">=0.1.14 <0.2.0" is a valid semver range for hiredis
356 silly addNameRange { name: 'hiredis', range: '>=0.1.14 <0.2.0', hasData: false }
357 silly mapToRegistry name hiredis
358 silly mapToRegistry using default registry
359 silly mapToRegistry registry https://registry.npmjs.org/
360 silly mapToRegistry data Result {
360 silly mapToRegistry   raw: 'hiredis',
360 silly mapToRegistry   scope: null,
360 silly mapToRegistry   escapedName: 'hiredis',
360 silly mapToRegistry   name: 'hiredis',
360 silly mapToRegistry   rawSpec: '',
360 silly mapToRegistry   spec: 'latest',
360 silly mapToRegistry   type: 'tag' }
361 silly mapToRegistry uri https://registry.npmjs.org/hiredis
362 verbose addNameRange registry:https://registry.npmjs.org/hiredis not in flight; fetching
363 silly resolveWithNewModule uriparser@2.1.2 checking installable status
364 silly cache add args [ 'uriparser@>= 1.2.12', null ]
365 verbose cache add spec uriparser@>= 1.2.12
366 silly cache add parsed spec Result {
366 silly cache add   raw: 'uriparser@>= 1.2.12',
366 silly cache add   scope: null,
366 silly cache add   escapedName: 'uriparser',
366 silly cache add   name: 'uriparser',
366 silly cache add   rawSpec: '>= 1.2.12',
366 silly cache add   spec: '>=1.2.12',
366 silly cache add   type: 'range' }
367 silly addNamed uriparser@>=1.2.12
368 verbose addNamed ">=1.2.12" is a valid semver range for uriparser
369 silly addNameRange { name: 'uriparser', range: '>=1.2.12', hasData: false }
370 silly mapToRegistry name uriparser
371 silly mapToRegistry using default registry
372 silly mapToRegistry registry https://registry.npmjs.org/
373 silly mapToRegistry data Result {
373 silly mapToRegistry   raw: 'uriparser',
373 silly mapToRegistry   scope: null,
373 silly mapToRegistry   escapedName: 'uriparser',
373 silly mapToRegistry   name: 'uriparser',
373 silly mapToRegistry   rawSpec: '',
373 silly mapToRegistry   spec: 'latest',
373 silly mapToRegistry   type: 'tag' }
374 silly mapToRegistry uri https://registry.npmjs.org/uriparser
375 verbose addNameRange registry:https://registry.npmjs.org/uriparser not in flight; fetching
376 http 304 https://registry.npmjs.org/rewire
377 verbose headers { date: 'Mon, 02 Jan 2017 06:39:55 GMT',
377 verbose headers   via: '1.1 varnish',
377 verbose headers   'cache-control': 'max-age=300',
377 verbose headers   etag: 'W/"5863b493-cbca"',
377 verbose headers   age: '160',
377 verbose headers   connection: 'keep-alive',
377 verbose headers   'x-served-by': 'cache-ams4141-AMS',
377 verbose headers   'x-cache': 'HIT',
377 verbose headers   'x-cache-hits': '1',
377 verbose headers   'x-timer': 'S1483339195.193426,VS0,VE0',
377 verbose headers   vary: 'Accept-Encoding' }
378 silly get cb [ 304,
378 silly get   { date: 'Mon, 02 Jan 2017 06:39:55 GMT',
378 silly get     via: '1.1 varnish',
378 silly get     'cache-control': 'max-age=300',
378 silly get     etag: 'W/"5863b493-cbca"',
378 silly get     age: '160',
378 silly get     connection: 'keep-alive',
378 silly get     'x-served-by': 'cache-ams4141-AMS',
378 silly get     'x-cache': 'HIT',
378 silly get     'x-cache-hits': '1',
378 silly get     'x-timer': 'S1483339195.193426,VS0,VE0',
378 silly get     vary: 'Accept-Encoding' } ]
379 verbose etag https://registry.npmjs.org/rewire from cache
380 verbose get saving rewire to /Users/titashneogi/.npm/registry.npmjs.org/rewire/.cache.json
381 verbose correctMkdir /Users/titashneogi/.npm correctMkdir not in flight; initializing
382 silly resolveWithNewModule node-uuid@1.4.1 checking installable status
383 silly cache add args [ 'node-uuid@1.4.1', null ]
384 verbose cache add spec node-uuid@1.4.1
385 silly cache add parsed spec Result {
385 silly cache add   raw: 'node-uuid@1.4.1',
385 silly cache add   scope: null,
385 silly cache add   escapedName: 'node-uuid',
385 silly cache add   name: 'node-uuid',
385 silly cache add   rawSpec: '1.4.1',
385 silly cache add   spec: '1.4.1',
385 silly cache add   type: 'version' }
386 silly addNamed node-uuid@1.4.1
387 verbose addNamed "1.4.1" is a plain semver version for node-uuid
388 silly mapToRegistry name node-uuid
389 silly mapToRegistry using default registry
390 silly mapToRegistry registry https://registry.npmjs.org/
391 silly mapToRegistry data Result {
391 silly mapToRegistry   raw: 'node-uuid',
391 silly mapToRegistry   scope: null,
391 silly mapToRegistry   escapedName: 'node-uuid',
391 silly mapToRegistry   name: 'node-uuid',
391 silly mapToRegistry   rawSpec: '',
391 silly mapToRegistry   spec: 'latest',
391 silly mapToRegistry   type: 'tag' }
392 silly mapToRegistry uri https://registry.npmjs.org/node-uuid
393 verbose addNameVersion registry:https://registry.npmjs.org/node-uuid not in flight; fetching
394 silly resolveWithNewModule amqp-node4@0.2.4-0 checking installable status
395 silly cache add args [ 'amqp-node4@0.2.4-0', null ]
396 verbose cache add spec amqp-node4@0.2.4-0
397 silly cache add parsed spec Result {
397 silly cache add   raw: 'amqp-node4@0.2.4-0',
397 silly cache add   scope: null,
397 silly cache add   escapedName: 'amqp-node4',
397 silly cache add   name: 'amqp-node4',
397 silly cache add   rawSpec: '0.2.4-0',
397 silly cache add   spec: '0.2.4-0',
397 silly cache add   type: 'version' }
398 silly addNamed amqp-node4@0.2.4-0
399 verbose addNamed "0.2.4-0" is a plain semver version for amqp-node4
400 silly mapToRegistry name amqp-node4
401 silly mapToRegistry using default registry
402 silly mapToRegistry registry https://registry.npmjs.org/
403 silly mapToRegistry data Result {
403 silly mapToRegistry   raw: 'amqp-node4',
403 silly mapToRegistry   scope: null,
403 silly mapToRegistry   escapedName: 'amqp-node4',
403 silly mapToRegistry   name: 'amqp-node4',
403 silly mapToRegistry   rawSpec: '',
403 silly mapToRegistry   spec: 'latest',
403 silly mapToRegistry   type: 'tag' }
404 silly mapToRegistry uri https://registry.npmjs.org/amqp-node4
405 verbose addNameVersion registry:https://registry.npmjs.org/amqp-node4 not in flight; fetching
406 silly resolveWithNewModule mime@1.2.7 checking installable status
407 silly cache add args [ 'mime@1.2.7', null ]
408 verbose cache add spec mime@1.2.7
409 silly cache add parsed spec Result {
409 silly cache add   raw: 'mime@1.2.7',
409 silly cache add   scope: null,
409 silly cache add   escapedName: 'mime',
409 silly cache add   name: 'mime',
409 silly cache add   rawSpec: '1.2.7',
409 silly cache add   spec: '1.2.7',
409 silly cache add   type: 'version' }
410 silly addNamed mime@1.2.7
411 verbose addNamed "1.2.7" is a plain semver version for mime
412 silly mapToRegistry name mime
413 silly mapToRegistry using default registry
414 silly mapToRegistry registry https://registry.npmjs.org/
415 silly mapToRegistry data Result {
415 silly mapToRegistry   raw: 'mime',
415 silly mapToRegistry   scope: null,
415 silly mapToRegistry   escapedName: 'mime',
415 silly mapToRegistry   name: 'mime',
415 silly mapToRegistry   rawSpec: '',
415 silly mapToRegistry   spec: 'latest',
415 silly mapToRegistry   type: 'tag' }
416 silly mapToRegistry uri https://registry.npmjs.org/mime
417 verbose addNameVersion registry:https://registry.npmjs.org/mime not in flight; fetching
418 silly resolveWithNewModule xml2js@0.2.8 checking installable status
419 silly cache add args [ 'xml2js@~0.2.8', null ]
420 verbose cache add spec xml2js@~0.2.8
421 silly cache add parsed spec Result {
421 silly cache add   raw: 'xml2js@~0.2.8',
421 silly cache add   scope: null,
421 silly cache add   escapedName: 'xml2js',
421 silly cache add   name: 'xml2js',
421 silly cache add   rawSpec: '~0.2.8',
421 silly cache add   spec: '>=0.2.8 <0.3.0',
421 silly cache add   type: 'range' }
422 silly addNamed xml2js@>=0.2.8 <0.3.0
423 verbose addNamed ">=0.2.8 <0.3.0" is a valid semver range for xml2js
424 silly addNameRange { name: 'xml2js', range: '>=0.2.8 <0.3.0', hasData: false }
425 silly mapToRegistry name xml2js
426 silly mapToRegistry using default registry
427 silly mapToRegistry registry https://registry.npmjs.org/
428 silly mapToRegistry data Result {
428 silly mapToRegistry   raw: 'xml2js',
428 silly mapToRegistry   scope: null,
428 silly mapToRegistry   escapedName: 'xml2js',
428 silly mapToRegistry   name: 'xml2js',
428 silly mapToRegistry   rawSpec: '',
428 silly mapToRegistry   spec: 'latest',
428 silly mapToRegistry   type: 'tag' }
429 silly mapToRegistry uri https://registry.npmjs.org/xml2js
430 verbose addNameRange registry:https://registry.npmjs.org/xml2js not in flight; fetching
431 verbose get https://registry.npmjs.org/hiredis not expired, no request
432 silly addNameRange number 2 { name: 'hiredis', range: '>=0.1.14 <0.2.0', hasData: true }
433 silly addNameRange versions [ 'hiredis',
433 silly addNameRange   [ '0.1.0',
433 silly addNameRange     '0.1.1',
433 silly addNameRange     '0.1.2',
433 silly addNameRange     '0.1.3',
433 silly addNameRange     '0.1.4',
433 silly addNameRange     '0.1.5',
433 silly addNameRange     '0.1.6',
433 silly addNameRange     '0.1.8',
433 silly addNameRange     '0.1.9',
433 silly addNameRange     '0.1.10',
433 silly addNameRange     '0.1.12',
433 silly addNameRange     '0.1.13',
433 silly addNameRange     '0.1.14',
433 silly addNameRange     '0.1.15',
433 silly addNameRange     '0.1.16',
433 silly addNameRange     '0.1.17',
433 silly addNameRange     '0.2.0',
433 silly addNameRange     '0.3.0',
433 silly addNameRange     '0.4.0',
433 silly addNameRange     '0.4.1',
433 silly addNameRange     '0.5.0' ] ]
434 silly addNamed hiredis@0.1.17
435 verbose addNamed "0.1.17" is a plain semver version for hiredis
436 verbose get https://registry.npmjs.org/uriparser not expired, no request
437 silly addNameRange number 2 { name: 'uriparser', range: '>=1.2.12', hasData: true }
438 silly addNameRange versions [ 'uriparser',
438 silly addNameRange   [ '1.0.0',
438 silly addNameRange     '1.0.1',
438 silly addNameRange     '1.1.0',
438 silly addNameRange     '1.2.0',
438 silly addNameRange     '1.2.1',
438 silly addNameRange     '1.2.2',
438 silly addNameRange     '1.2.3',
438 silly addNameRange     '1.2.4',
438 silly addNameRange     '1.2.5',
438 silly addNameRange     '1.2.6',
438 silly addNameRange     '1.2.7',
438 silly addNameRange     '1.2.8',
438 silly addNameRange     '1.3.0',
438 silly addNameRange     '1.3.1',
438 silly addNameRange     '1.2.9',
438 silly addNameRange     '1.2.10',
438 silly addNameRange     '1.2.11',
438 silly addNameRange     '1.3.3',
438 silly addNameRange     '1.2.12',
438 silly addNameRange     '2.0.0',
438 silly addNameRange     '1.2.13',
438 silly addNameRange     '1.2.14',
438 silly addNameRange     '2.1.0',
438 silly addNameRange     '2.1.1',
438 silly addNameRange     '2.1.2' ] ]
439 silly addNamed uriparser@2.1.2
440 verbose addNamed "2.1.2" is a plain semver version for uriparser
441 silly resolveWithNewModule compress-buffer-crc32@1.2.12 checking installable status
442 silly cache add args [ 'compress-buffer-crc32@>=1.2.8', null ]
443 verbose cache add spec compress-buffer-crc32@>=1.2.8
444 silly cache add parsed spec Result {
444 silly cache add   raw: 'compress-buffer-crc32@>=1.2.8',
444 silly cache add   scope: null,
444 silly cache add   escapedName: 'compress-buffer-crc32',
444 silly cache add   name: 'compress-buffer-crc32',
444 silly cache add   rawSpec: '>=1.2.8',
444 silly cache add   spec: '>=1.2.8',
444 silly cache add   type: 'range' }
445 silly addNamed compress-buffer-crc32@>=1.2.8
446 verbose addNamed ">=1.2.8" is a valid semver range for compress-buffer-crc32
447 silly addNameRange { name: 'compress-buffer-crc32',
447 silly addNameRange   range: '>=1.2.8',
447 silly addNameRange   hasData: false }
448 silly mapToRegistry name compress-buffer-crc32
449 silly mapToRegistry using default registry
450 silly mapToRegistry registry https://registry.npmjs.org/
451 silly mapToRegistry data Result {
451 silly mapToRegistry   raw: 'compress-buffer-crc32',
451 silly mapToRegistry   scope: null,
451 silly mapToRegistry   escapedName: 'compress-buffer-crc32',
451 silly mapToRegistry   name: 'compress-buffer-crc32',
451 silly mapToRegistry   rawSpec: '',
451 silly mapToRegistry   spec: 'latest',
451 silly mapToRegistry   type: 'tag' }
452 silly mapToRegistry uri https://registry.npmjs.org/compress-buffer-crc32
453 verbose addNameRange registry:https://registry.npmjs.org/compress-buffer-crc32 not in flight; fetching
454 verbose get https://registry.npmjs.org/node-uuid not expired, no request
455 warn deprecated node-uuid@1.4.1: use uuid module instead
456 silly resolveWithNewModule iconv@1.1.2 checking installable status
457 silly cache add args [ 'iconv@1.1.2', null ]
458 verbose cache add spec iconv@1.1.2
459 silly cache add parsed spec Result {
459 silly cache add   raw: 'iconv@1.1.2',
459 silly cache add   scope: null,
459 silly cache add   escapedName: 'iconv',
459 silly cache add   name: 'iconv',
459 silly cache add   rawSpec: '1.1.2',
459 silly cache add   spec: '1.1.2',
459 silly cache add   type: 'version' }
460 silly addNamed iconv@1.1.2
461 verbose addNamed "1.1.2" is a plain semver version for iconv
462 silly mapToRegistry name iconv
463 silly mapToRegistry using default registry
464 silly mapToRegistry registry https://registry.npmjs.org/
465 silly mapToRegistry data Result {
465 silly mapToRegistry   raw: 'iconv',
465 silly mapToRegistry   scope: null,
465 silly mapToRegistry   escapedName: 'iconv',
465 silly mapToRegistry   name: 'iconv',
465 silly mapToRegistry   rawSpec: '',
465 silly mapToRegistry   spec: 'latest',
465 silly mapToRegistry   type: 'tag' }
466 silly mapToRegistry uri https://registry.npmjs.org/iconv
467 verbose addNameVersion registry:https://registry.npmjs.org/iconv not in flight; fetching
468 silly resolveWithNewModule redis@0.8.6 checking installable status
469 silly cache add args [ 'redis@~0.8.4', null ]
470 verbose cache add spec redis@~0.8.4
471 silly cache add parsed spec Result {
471 silly cache add   raw: 'redis@~0.8.4',
471 silly cache add   scope: null,
471 silly cache add   escapedName: 'redis',
471 silly cache add   name: 'redis',
471 silly cache add   rawSpec: '~0.8.4',
471 silly cache add   spec: '>=0.8.4 <0.9.0',
471 silly cache add   type: 'range' }
472 silly addNamed redis@>=0.8.4 <0.9.0
473 verbose addNamed ">=0.8.4 <0.9.0" is a valid semver range for redis
474 silly addNameRange { name: 'redis', range: '>=0.8.4 <0.9.0', hasData: false }
475 silly mapToRegistry name redis
476 silly mapToRegistry using default registry
477 silly mapToRegistry registry https://registry.npmjs.org/
478 silly mapToRegistry data Result {
478 silly mapToRegistry   raw: 'redis',
478 silly mapToRegistry   scope: null,
478 silly mapToRegistry   escapedName: 'redis',
478 silly mapToRegistry   name: 'redis',
478 silly mapToRegistry   rawSpec: '',
478 silly mapToRegistry   spec: 'latest',
478 silly mapToRegistry   type: 'tag' }
479 silly mapToRegistry uri https://registry.npmjs.org/redis
480 verbose addNameRange registry:https://registry.npmjs.org/redis not in flight; fetching
481 verbose get https://registry.npmjs.org/mime not expired, no request
482 verbose get https://registry.npmjs.org/amqp-node4 not expired, no request
483 verbose get https://registry.npmjs.org/xml2js not expired, no request
484 silly addNameRange number 2 { name: 'xml2js', range: '>=0.2.8 <0.3.0', hasData: true }
485 silly addNameRange versions [ 'xml2js',
485 silly addNameRange   [ '0.1.0',
485 silly addNameRange     '0.1.1',
485 silly addNameRange     '0.1.2',
485 silly addNameRange     '0.1.3',
485 silly addNameRange     '0.1.4',
485 silly addNameRange     '0.1.5',
485 silly addNameRange     '0.1.6',
485 silly addNameRange     '0.1.7',
485 silly addNameRange     '0.1.8',
485 silly addNameRange     '0.1.9',
485 silly addNameRange     '0.1.10',
485 silly addNameRange     '0.1.11',
485 silly addNameRange     '0.1.12',
485 silly addNameRange     '0.1.13',
485 silly addNameRange     '0.1.14',
485 silly addNameRange     '0.2.0',
485 silly addNameRange     '0.2.1',
485 silly addNameRange     '0.2.2',
485 silly addNameRange     '0.2.3',
485 silly addNameRange     '0.2.4',
485 silly addNameRange     '0.2.5',
485 silly addNameRange     '0.2.6',
485 silly addNameRange     '0.2.7',
485 silly addNameRange     '0.2.8',
485 silly addNameRange     '0.4.0',
485 silly addNameRange     '0.4.1',
485 silly addNameRange     '0.4.2',
485 silly addNameRange     '0.4.3',
485 silly addNameRange     '0.4.4',
485 silly addNameRange     '0.4.5',
485 silly addNameRange     '0.4.6',
485 silly addNameRange     '0.4.7',
485 silly addNameRange     '0.4.8',
485 silly addNameRange     '0.4.9',
485 silly addNameRange     '0.4.10',
485 silly addNameRange     '0.4.11',
485 silly addNameRange     '0.4.12',
485 silly addNameRange     '0.4.13',
485 silly addNameRange     '0.4.1-4.1',
485 silly addNameRange     '0.4.15',
485 silly addNameRange     '0.4.16',
485 silly addNameRange     '0.4.17' ] ]
486 silly addNamed xml2js@0.2.8
487 verbose addNamed "0.2.8" is a plain semver version for xml2js
488 silly cache afterAdd hiredis@0.1.17
489 verbose afterAdd /Users/titashneogi/.npm/hiredis/0.1.17/package/package.json not in flight; writing
490 verbose correctMkdir /Users/titashneogi/.npm correctMkdir not in flight; initializing
491 silly cache afterAdd uriparser@2.1.2
492 verbose afterAdd /Users/titashneogi/.npm/uriparser/2.1.2/package/package.json not in flight; writing
493 verbose correctMkdir /Users/titashneogi/.npm correctMkdir not in flight; initializing
494 verbose get https://registry.npmjs.org/compress-buffer-crc32 not expired, no request
495 silly addNameRange number 2 { name: 'compress-buffer-crc32',
495 silly addNameRange   range: '>=1.2.8',
495 silly addNameRange   hasData: true }
496 silly addNameRange versions [ 'compress-buffer-crc32',
496 silly addNameRange   [ '1.2.0',
496 silly addNameRange     '1.2.1',
496 silly addNameRange     '1.2.2',
496 silly addNameRange     '1.2.3',
496 silly addNameRange     '1.2.4',
496 silly addNameRange     '1.2.5',
496 silly addNameRange     '1.2.6',
496 silly addNameRange     '1.2.7',
496 silly addNameRange     '1.2.8',
496 silly addNameRange     '1.2.9',
496 silly addNameRange     '1.2.10',
496 silly addNameRange     '1.2.11',
496 silly addNameRange     '1.2.12' ] ]
497 silly addNamed compress-buffer-crc32@1.2.12
498 verbose addNamed "1.2.12" is a plain semver version for compress-buffer-crc32
499 verbose get https://registry.npmjs.org/iconv not expired, no request
500 verbose get https://registry.npmjs.org/redis not expired, no request
501 silly addNameRange number 2 { name: 'redis', range: '>=0.8.4 <0.9.0', hasData: true }
502 silly addNameRange versions [ 'redis',
502 silly addNameRange   [ '0.0.1',
502 silly addNameRange     '0.0.2',
502 silly addNameRange     '0.0.3',
502 silly addNameRange     '0.0.4',
502 silly addNameRange     '0.0.7',
502 silly addNameRange     '0.0.8',
502 silly addNameRange     '0.1.0',
502 silly addNameRange     '0.1.1',
502 silly addNameRange     '0.1.2',
502 silly addNameRange     '0.2.0',
502 silly addNameRange     '0.2.1',
502 silly addNameRange     '0.2.2',
502 silly addNameRange     '0.2.3',
502 silly addNameRange     '0.2.4',
502 silly addNameRange     '0.2.6',
502 silly addNameRange     '0.3.0',
502 silly addNameRange     '0.3.1',
502 silly addNameRange     '0.3.2',
502 silly addNameRange     '0.3.3',
502 silly addNameRange     '0.3.4',
502 silly addNameRange     '0.3.5',
502 silly addNameRange     '0.3.6',
502 silly addNameRange     '0.3.7',
502 silly addNameRange     '0.3.9',
502 silly addNameRange     '0.4.0',
502 silly addNameRange     '0.4.1',
502 silly addNameRange     '0.4.2',
502 silly addNameRange     '0.5.0',
502 silly addNameRange     '0.5.1',
502 silly addNameRange     '0.5.2',
502 silly addNameRange     '0.5.3',
502 silly addNameRange     '0.5.4',
502 silly addNameRange     '0.5.5',
502 silly addNameRange     '0.5.6',
502 silly addNameRange     '0.5.7',
502 silly addNameRange     '0.5.8',
502 silly addNameRange     '0.5.9',
502 silly addNameRange     '0.5.10',
502 silly addNameRange     '0.5.11',
502 silly addNameRange     '0.6.0',
502 silly addNameRange     '0.6.1',
502 silly addNameRange     '0.6.2',
502 silly addNameRange     '0.6.3',
502 silly addNameRange     '0.6.4',
502 silly addNameRange     '0.6.5',
502 silly addNameRange     '0.6.6',
502 silly addNameRange     '0.6.7',
502 silly addNameRange     '0.7.0',
502 silly addNameRange     '0.7.1',
502 silly addNameRange     '0.7.2',
502 silly addNameRange     '0.7.3',
502 silly addNameRange     '0.8.0',
502 silly addNameRange     '0.8.1',
502 silly addNameRange     '0.8.2',
502 silly addNameRange     '0.8.3',
502 silly addNameRange     '0.8.4',
502 silly addNameRange     '0.8.5',
502 silly addNameRange     '0.8.6',
502 silly addNameRange     '0.9.0',
502 silly addNameRange     '0.9.1',
502 silly addNameRange     '0.9.2',
502 silly addNameRange     '0.10.0',
502 silly addNameRange     '0.10.1',
502 silly addNameRange     '0.10.2',
502 silly addNameRange     '0.10.3',
502 silly addNameRange     '0.11.0',
502 silly addNameRange     '0.12.0',
502 silly addNameRange     '0.12.1',
502 silly addNameRange     '1.0.0',
502 silly addNameRange     '2.0.0',
502 silly addNameRange     '2.0.1',
502 silly addNameRange     '2.1.0',
502 silly addNameRange     '2.2.0',
502 silly addNameRange     '2.2.1',
502 silly addNameRange     '2.2.2',
502 silly addNameRange     '2.2.3',
502 silly addNameRange     '2.2.4',
502 silly addNameRange     '2.2.5',
502 silly addNameRange     '2.3.0',
502 silly addNameRange     '2.3.1',
502 silly addNameRange     '2.4.0',
502 silly addNameRange     '2.4.1',
502 silly addNameRange     '2.4.2',
502 silly addNameRange     '2.5.0-1',
502 silly addNameRange     '2.5.0',
502 silly addNameRange     '2.5.1',
502 silly addNameRange     '2.5.2',
502 silly addNameRange     '2.5.3',
502 silly addNameRange     '2.6.0-0',
502 silly addNameRange     '2.6.0-1',
502 silly addNameRange     '2.6.0-2',
502 silly addNameRange     '2.6.0',
502 silly addNameRange     '2.6.1',
502 silly addNameRange     '2.6.2',
502 silly addNameRange     '2.6.3' ] ]
503 silly addNamed redis@0.8.6
504 verbose addNamed "0.8.6" is a plain semver version for redis
505 silly cache afterAdd node-uuid@1.4.1
506 verbose afterAdd /Users/titashneogi/.npm/node-uuid/1.4.1/package/package.json not in flight; writing
507 verbose correctMkdir /Users/titashneogi/.npm correctMkdir not in flight; initializing
508 silly resolveWithNewModule rewire@1.1.2 checking installable status
509 silly cache add args [ 'rewire@1.1.2', null ]
510 verbose cache add spec rewire@1.1.2
511 silly cache add parsed spec Result {
511 silly cache add   raw: 'rewire@1.1.2',
511 silly cache add   scope: null,
511 silly cache add   escapedName: 'rewire',
511 silly cache add   name: 'rewire',
511 silly cache add   rawSpec: '1.1.2',
511 silly cache add   spec: '1.1.2',
511 silly cache add   type: 'version' }
512 silly addNamed rewire@1.1.2
513 verbose addNamed "1.1.2" is a plain semver version for rewire
514 silly mapToRegistry name rewire
515 silly mapToRegistry using default registry
516 silly mapToRegistry registry https://registry.npmjs.org/
517 silly mapToRegistry data Result {
517 silly mapToRegistry   raw: 'rewire',
517 silly mapToRegistry   scope: null,
517 silly mapToRegistry   escapedName: 'rewire',
517 silly mapToRegistry   name: 'rewire',
517 silly mapToRegistry   rawSpec: '',
517 silly mapToRegistry   spec: 'latest',
517 silly mapToRegistry   type: 'tag' }
518 silly mapToRegistry uri https://registry.npmjs.org/rewire
519 verbose addNameVersion registry:https://registry.npmjs.org/rewire not in flight; fetching
520 silly cache afterAdd mime@1.2.7
521 verbose afterAdd /Users/titashneogi/.npm/mime/1.2.7/package/package.json not in flight; writing
522 verbose correctMkdir /Users/titashneogi/.npm correctMkdir not in flight; initializing
523 silly cache afterAdd amqp-node4@0.2.4-0
524 verbose afterAdd /Users/titashneogi/.npm/amqp-node4/0.2.4-0/package/package.json not in flight; writing
525 verbose correctMkdir /Users/titashneogi/.npm correctMkdir not in flight; initializing
526 silly cache afterAdd xml2js@0.2.8
527 verbose afterAdd /Users/titashneogi/.npm/xml2js/0.2.8/package/package.json not in flight; writing
528 verbose correctMkdir /Users/titashneogi/.npm correctMkdir not in flight; initializing
529 silly cache afterAdd compress-buffer-crc32@1.2.12
530 verbose afterAdd /Users/titashneogi/.npm/compress-buffer-crc32/1.2.12/package/package.json not in flight; writing
531 verbose correctMkdir /Users/titashneogi/.npm correctMkdir not in flight; initializing
532 verbose get https://registry.npmjs.org/rewire not expired, no request
533 silly cache afterAdd iconv@1.1.2
534 verbose afterAdd /Users/titashneogi/.npm/iconv/1.1.2/package/package.json not in flight; writing
535 verbose correctMkdir /Users/titashneogi/.npm correctMkdir not in flight; initializing
536 silly cache afterAdd redis@0.8.6
537 verbose afterAdd /Users/titashneogi/.npm/redis/0.8.6/package/package.json not in flight; writing
538 verbose correctMkdir /Users/titashneogi/.npm correctMkdir not in flight; initializing
539 verbose afterAdd /Users/titashneogi/.npm/hiredis/0.1.17/package/package.json written
540 verbose afterAdd /Users/titashneogi/.npm/uriparser/2.1.2/package/package.json written
541 verbose afterAdd /Users/titashneogi/.npm/node-uuid/1.4.1/package/package.json written
542 verbose afterAdd /Users/titashneogi/.npm/amqp-node4/0.2.4-0/package/package.json written
543 verbose afterAdd /Users/titashneogi/.npm/xml2js/0.2.8/package/package.json written
544 verbose afterAdd /Users/titashneogi/.npm/mime/1.2.7/package/package.json written
545 silly cache afterAdd rewire@1.1.2
546 verbose afterAdd /Users/titashneogi/.npm/rewire/1.1.2/package/package.json not in flight; writing
547 verbose correctMkdir /Users/titashneogi/.npm correctMkdir not in flight; initializing
548 verbose afterAdd /Users/titashneogi/.npm/compress-buffer-crc32/1.2.12/package/package.json written
549 verbose afterAdd /Users/titashneogi/.npm/iconv/1.1.2/package/package.json written
550 verbose afterAdd /Users/titashneogi/.npm/redis/0.8.6/package/package.json written
551 verbose afterAdd /Users/titashneogi/.npm/rewire/1.1.2/package/package.json written
552 silly rollbackFailedOptional Starting
553 silly rollbackFailedOptional Finishing
554 silly runTopLevelLifecycles Finishing
555 silly install printInstalled
556 verbose stack Error: Command failed: git clone --template=/Users/titashneogi/.npm/_git-remotes/_templates --mirror http://stash.grupa.onet/scm/oacc/node04-knox.git /Users/titashneogi/.npm/_git-remotes/git-http-stash-grupa-onet-scm-oacc-node04-knox-git-dl-0-8-6-node4-2a4e277a
556 verbose stack Cloning into bare repository '/Users/titashneogi/.npm/_git-remotes/git-http-stash-grupa-onet-scm-oacc-node04-knox-git-dl-0-8-6-node4-2a4e277a'...
556 verbose stack fatal: unable to access 'http://stash.grupa.onet/scm/oacc/node04-knox.git/': Could not resolve host: stash.grupa.onet
556 verbose stack
556 verbose stack     at ChildProcess.exithandler (child_process.js:211:12)
556 verbose stack     at emitTwo (events.js:106:13)
556 verbose stack     at ChildProcess.emit (events.js:191:7)
556 verbose stack     at maybeClose (internal/child_process.js:885:16)
556 verbose stack     at Socket.<anonymous> (internal/child_process.js:334:11)
556 verbose stack     at emitOne (events.js:96:13)
556 verbose stack     at Socket.emit (events.js:188:7)
556 verbose stack     at Pipe._handle.close [as _onclose] (net.js:501:12)
557 verbose cwd /workspace/FranceSayBot
558 error Darwin 16.3.0
559 error argv "/Users/titashneogi/.nvm/versions/node/v7.3.0/bin/node" "/Users/titashneogi/.nvm/versions/node/v7.3.0/bin/npm" "install" "--save" "core"
560 error node v7.3.0
561 error npm  v3.10.10
562 error code 128
563 error Command failed: git clone --template=/Users/titashneogi/.npm/_git-remotes/_templates --mirror http://stash.grupa.onet/scm/oacc/node04-knox.git /Users/titashneogi/.npm/_git-remotes/git-http-stash-grupa-onet-scm-oacc-node04-knox-git-dl-0-8-6-node4-2a4e277a
563 error Cloning into bare repository '/Users/titashneogi/.npm/_git-remotes/git-http-stash-grupa-onet-scm-oacc-node04-knox-git-dl-0-8-6-node4-2a4e277a'...
563 error fatal: unable to access 'http://stash.grupa.onet/scm/oacc/node04-knox.git/': Could not resolve host: stash.grupa.onet
564 error If you need help, you may report this error at:
564 error     <https://github.com/npm/npm/issues>
565 verbose exit [ 1, true ]
